MusicPlayingServiceExample/app/build/intermediates/manifest_merge_blame_file/debug/manifest-merger-blame-debug-report.txt
1<?xml version="1.0" encoding="utf-8"?>
2<manifest xmlns:android="http://schemas.android.com/apk/res/android"
3    package="course.examples.services.musicservice"
4    android:versionCode="1"
5    android:versionName="1.0" >
6
7    <uses-sdk
8        android:minSdkVersion="23"
8-->src\main\AndroidManifest.xml
9        android:targetSdkVersion="30" />
9-->src\main\AndroidManifest.xml
10
11    <uses-permission android:name="android.permission.FOREGROUND_SERVICE" />
11-->src\main\AndroidManifest.xml:8:5-77
11-->src\main\AndroidManifest.xml:8:22-74
12
13    <application
13-->src\main\AndroidManifest.xml:10:5-27:19
14        android:allowBackup="false"
14-->src\main\AndroidManifest.xml:11:9-36
15        android:debuggable="true"
16        android:extractNativeLibs="false"
17        android:icon="@drawable/ic_launcher"
17-->src\main\AndroidManifest.xml:12:9-45
18        android:label="@string/app_name"
18-->src\main\AndroidManifest.xml:13:9-41
19        android:testOnly="true" >
20        <activity
20-->src\main\AndroidManifest.xml:15:9-24:20
21            android:name="course.examples.services.musicservice.MusicServiceClient"
21-->src\main\AndroidManifest.xml:16:13-84
22            android:label="@string/app_name"
22-->src\main\AndroidManifest.xml:17:13-45
23            android:launchMode="singleTop" >
23-->src\main\AndroidManifest.xml:18:13-43
24            <intent-filter>
24-->src\main\AndroidManifest.xml:19:13-23:29
25                <action android:name="android.intent.action.MAIN" />
25-->src\main\AndroidManifest.xml:20:17-69
25-->src\main\AndroidManifest.xml:20:25-66
26
27                <category android:name="android.intent.category.LAUNCHER" />
27-->src\main\AndroidManifest.xml:22:17-77
27-->src\main\AndroidManifest.xml:22:27-74
28            </intent-filter>
29        </activity>
30
31        <service android:name="course.examples.services.musicservice.MusicService" />
31-->src\main\AndroidManifest.xml:26:9-86
31-->src\main\AndroidManifest.xml:26:18-83
32    </application>
33
34</manifest>